<?xml version="1.0" encoding="utf-8"?><testsuites name="pytest tests"><testsuite name="pytest" errors="0" failures="0" skipped="0" tests="6" time="3.362" timestamp="2026-07-16T05:20:31.740598+00:00" hostname="agent-env-b5ce93e9-0f3b-44b1-818f-63edd1e4435e"><testcase classname="backend.tests.test_dm_delete.TestDeleteMessage" name="test_sender_can_delete_own_message" time="1.466" /><testcase classname="backend.tests.test_dm_delete.TestDeleteMessage" name="test_non_sender_cannot_delete_message" time="0.366" /><testcase classname="backend.tests.test_dm_delete.TestDeleteMessage" name="test_delete_nonexistent_message_returns_404" time="0.222" /><testcase classname="backend.tests.test_dm_delete.TestDeleteThread" name="test_delete_thread_removes_all_messages" time="0.590" /><testcase classname="backend.tests.test_dm_delete.TestDeleteThread" name="test_delete_thread_symmetric" time="0.430" /><testcase classname="backend.tests.test_dm_delete.TestDeleteThread" name="test_delete_empty_thread_ok" time="0.213" /></testsuite></testsuites>