<?xml version="1.0" encoding="utf-8"?><testsuites name="pytest tests"><testsuite name="pytest" errors="0" failures="0" skipped="0" tests="10" time="2.133" timestamp="2026-07-20T17:09:26.281323+00:00" hostname="agent-env-b5ce93e9-0f3b-44b1-818f-63edd1e4435e"><testcase classname="backend.tests.test_finance_hero.TestRateHasFinanceHeroFields" name="test_rate_returns_finance_hero_fields" time="0.850" /><testcase classname="backend.tests.test_finance_hero.TestFinanceHeroAuth" name="test_put_without_auth_returns_401" time="0.441" /><testcase classname="backend.tests.test_finance_hero.TestFinanceHeroAuth" name="test_put_as_support_returns_403" time="0.301" /><testcase classname="backend.tests.test_finance_hero.TestFinanceHeroSetAdmin" name="test_put_image_url_persists" time="0.087" /><testcase classname="backend.tests.test_finance_hero.TestFinanceHeroSetAdmin" name="test_put_empty_resets" time="0.069" /><testcase classname="backend.tests.test_finance_hero.TestFinanceHeroSetAdmin" name="test_put_image_base64_too_large_returns_413" time="0.087" /><testcase classname="backend.tests.test_finance_hero.TestRegression" name="test_rate_history_admin_still_works" time="0.041" /><testcase classname="backend.tests.test_finance_hero.TestRegression" name="test_home_banners_public_still_works" time="0.036" /><testcase classname="backend.tests.test_finance_hero.TestRegression" name="test_admin_home_banners_requires_auth" time="0.077" /><testcase classname="backend.tests.test_finance_hero.TestRegression" name="test_pyx_transfer_requires_auth" time="0.072" /></testsuite></testsuites>