<?xml version="1.0" encoding="utf-8"?><testsuites name="pytest tests"><testsuite name="pytest" errors="0" failures="0" skipped="0" tests="13" time="4.151" timestamp="2026-07-20T06:46:23.257281+00:00" hostname="agent-env-b5ce93e9-0f3b-44b1-818f-63edd1e4435e"><testcase classname="backend.tests.test_home_banners.TestAuthEnforcement" name="test_get_admin_list_without_auth_returns_401" time="0.542" /><testcase classname="backend.tests.test_home_banners.TestAuthEnforcement" name="test_post_admin_without_auth_returns_401" time="0.324" /><testcase classname="backend.tests.test_home_banners.TestAuthEnforcement" name="test_put_admin_without_auth_returns_401" time="0.175" /><testcase classname="backend.tests.test_home_banners.TestAuthEnforcement" name="test_delete_admin_without_auth_returns_401" time="0.089" /><testcase classname="backend.tests.test_home_banners.TestAuthEnforcement" name="test_support_role_gets_403" time="0.618" /><testcase classname="backend.tests.test_home_banners.TestAuthEnforcement" name="test_admin_role_gets_200" time="0.396" /><testcase classname="backend.tests.test_home_banners.TestPublicList" name="test_public_home_banners_returns_list" time="0.565" /><testcase classname="backend.tests.test_home_banners.TestBannerCRUD" name="test_create_banner_persists" time="0.191" /><testcase classname="backend.tests.test_home_banners.TestBannerCRUD" name="test_update_banner_partial" time="0.216" /><testcase classname="backend.tests.test_home_banners.TestBannerCRUD" name="test_delete_banner" time="0.366" /><testcase classname="backend.tests.test_home_banners.TestBannerCRUD" name="test_create_missing_title_returns_400" time="0.082" /><testcase classname="backend.tests.test_home_banners.TestPyxRateRegression" name="test_public_pyx_rate_still_works" time="0.120" /><testcase classname="backend.tests.test_home_banners.TestPyxRateRegression" name="test_pyx_rate_put_requires_admin" time="0.394" /></testsuite></testsuites>