<?xml version="1.0" encoding="utf-8"?><testsuites name="pytest tests"><testsuite name="pytest" errors="0" failures="0" skipped="0" tests="12" time="3.487" timestamp="2026-07-21T17:13:12.288902+00:00" hostname="agent-env-b5ce93e9-0f3b-44b1-818f-63edd1e4435e"><testcase classname="backend.tests.test_auth_cleanup_and_pyx.TestMasterAdminLogin" name="test_master_admin_login_returns_admin_jwt" time="0.863" /><testcase classname="backend.tests.test_auth_cleanup_and_pyx.TestMasterAdminLogin" name="test_master_admin_login_wrong_password" time="0.469" /><testcase classname="backend.tests.test_auth_cleanup_and_pyx.TestLegacyAdminRemoved" name="test_legacy_admin_login_denied" time="0.112" /><testcase classname="backend.tests.test_auth_cleanup_and_pyx.TestUnifiedMemberLogin" name="test_master_admin_can_login_as_member" time="0.323" /><testcase classname="backend.tests.test_auth_cleanup_and_pyx.TestStaffLogins" name="test_support_login" time="0.256" /><testcase classname="backend.tests.test_auth_cleanup_and_pyx.TestStaffLogins" name="test_financeiro_login" time="0.296" /><testcase classname="backend.tests.test_auth_cleanup_and_pyx.TestAdminSingletonInDB" name="test_only_one_admin_in_users_collection" time="0.007" /><testcase classname="backend.tests.test_auth_cleanup_and_pyx.TestPyxSmoke" name="test_pyx_rate" time="0.058" /><testcase classname="backend.tests.test_auth_cleanup_and_pyx.TestPyxSmoke" name="test_pyx_wallet_luis" time="0.036" /><testcase classname="backend.tests.test_auth_cleanup_and_pyx.TestPyxSmoke" name="test_pyx_transfer_limits_luis" time="0.036" /><testcase classname="backend.tests.test_auth_cleanup_and_pyx.TestPyxTransferRoundTrip" name="test_transfer_1_pyx_luis_to_piu_and_verify" time="0.388" /><testcase classname="backend.tests.test_auth_cleanup_and_pyx.TestPyxTransferRoundTrip" name="test_transfer_wrong_password_denied" time="0.479" /></testsuite></testsuites>