<?xml version="1.0" encoding="utf-8"?><testsuites name="pytest tests"><testsuite name="pytest" errors="0" failures="0" skipped="0" tests="16" time="20.124" timestamp="2026-04-21T20:25:15.864656+00:00" hostname="agent-env-b5ce93e9-0f3b-44b1-818f-63edd1e4435e"><testcase classname="tests.test_farmaclube.TestAuth" name="test_register_and_auto_token" time="1.427" /><testcase classname="tests.test_farmaclube.TestAuth" name="test_register_duplicate_fails" time="1.970" /><testcase classname="tests.test_farmaclube.TestAuth" name="test_admin_login" time="1.018" /><testcase classname="tests.test_farmaclube.TestAuth" name="test_login_wrong_password" time="0.981" /><testcase classname="tests.test_farmaclube.TestAuth" name="test_auth_me_with_token" time="0.811" /><testcase classname="tests.test_farmaclube.TestAuth" name="test_auth_me_no_token" time="0.738" /><testcase classname="tests.test_farmaclube.TestProducts" name="test_list_products_seeded" time="0.726" /><testcase classname="tests.test_farmaclube.TestProducts" name="test_filter_by_category" time="0.772" /><testcase classname="tests.test_farmaclube.TestProducts" name="test_search_query" time="0.758" /><testcase classname="tests.test_farmaclube.TestProducts" name="test_featured" time="0.773" /><testcase classname="tests.test_farmaclube.TestProducts" name="test_get_single_product" time="1.542" /><testcase classname="tests.test_farmaclube.TestProducts" name="test_get_product_not_found" time="0.739" /><testcase classname="tests.test_farmaclube.TestProducts" name="test_categories" time="0.819" /><testcase classname="tests.test_farmaclube.TestAdminCRUD" name="test_create_requires_auth" time="0.787" /><testcase classname="tests.test_farmaclube.TestAdminCRUD" name="test_create_forbidden_for_member" time="0.737" /><testcase classname="tests.test_farmaclube.TestAdminCRUD" name="test_admin_full_crud" time="5.442" /></testsuite></testsuites>