<?xml version="1.0" encoding="utf-8"?><testsuites name="pytest tests"><testsuite name="pytest" errors="0" failures="1" skipped="0" tests="14" time="2.496" timestamp="2026-07-20T03:22:48.991679+00:00" hostname="agent-env-b5ce93e9-0f3b-44b1-818f-63edd1e4435e"><testcase classname="backend.tests.test_pyx_rate.TestRateGet" name="test_public_get_returns_200_all_fields" time="0.832" /><testcase classname="backend.tests.test_pyx_rate.TestRateSetAuth" name="test_put_without_auth_returns_401" time="0.072" /><testcase classname="backend.tests.test_pyx_rate.TestRateSetAuth" name="test_put_as_support_returns_403" time="0.538" /><testcase classname="backend.tests.test_pyx_rate.TestRateSetValidation" name="test_put_centavos_zero_returns_400" time="0.032" /><testcase classname="backend.tests.test_pyx_rate.TestRateSetValidation" name="test_put_centavos_too_high_returns_400" time="0.064" /><testcase classname="backend.tests.test_pyx_rate.TestRateSetValidation" name="test_put_no_body_returns_400" time="0.067" /><testcase classname="backend.tests.test_pyx_rate.TestRateSetSuccess" name="test_put_centavos_updates_and_persists" time="0.139" /><testcase classname="backend.tests.test_pyx_rate.TestRateSetSuccess" name="test_put_pyx_per_usd_float_converts_to_centavos" time="0.028" /><testcase classname="backend.tests.test_pyx_rate.TestRateHistory" name="test_history_requires_auth_401" time="0.031" /><testcase classname="backend.tests.test_pyx_rate.TestRateHistory" name="test_history_as_support_returns_403" time="0.069" /><testcase classname="backend.tests.test_pyx_rate.TestRateHistory" name="test_history_admin_returns_entries" time="0.376" /><testcase classname="backend.tests.test_pyx_rate.TestPYXRegression" name="test_transfer_missing_password_still_401" time="0.067" /><testcase classname="backend.tests.test_pyx_rate.TestPYXRegression" name="test_receipt_nonexistent_404" time="0.025" /><testcase classname="backend.tests.test_pyx_rate.TestPYXRegression" name="test_transactions_list_ok" time="0.057"><failure message="assert 404 == 200&#10; +  where 404 = &lt;Response [404]&gt;.status_code">backend/tests/test_pyx_rate.py:231: in test_transactions_list_ok
    assert r.status_code == 200
E   assert 404 == 200
E    +  where 404 = &lt;Response [404]&gt;.status_code</failure></testcase></testsuite></testsuites>