<?xml version="1.0" encoding="utf-8"?><testsuites name="pytest tests"><testsuite name="pytest" errors="0" failures="0" skipped="0" tests="7" time="1.256" timestamp="2026-07-20T00:47:58.164673+00:00" hostname="agent-env-b5ce93e9-0f3b-44b1-818f-63edd1e4435e"><testcase classname="backend.tests.test_pyx_brt_display.TestBRTArithmetic" name="test_new_tx_receipt_has_correct_brt_offset" time="0.548" /><testcase classname="backend.tests.test_pyx_brt_display.TestOldTxHasNoBRT" name="test_old_tx_receipt_has_no_brt_fields" time="0.037" /><testcase classname="backend.tests.test_pyx_brt_display.TestTransactionsListPerItemBRT" name="test_transactions_list_flags_new_vs_old_per_item" time="0.031" /><testcase classname="backend.tests.test_pyx_brt_display.TestTransactionsListPerItemBRT" name="test_all_items_consistent_with_cutoff" time="0.028" /><testcase classname="backend.tests.test_pyx_brt_display.TestRealTransferBRT" name="test_real_transfer_receipt_matches_cutoff_policy" time="0.395" /><testcase classname="backend.tests.test_pyx_brt_display.TestRegression" name="test_transactions_endpoint_returns_200_with_core_fields" time="0.025" /><testcase classname="backend.tests.test_pyx_brt_display.TestRegression" name="test_receipt_endpoint_returns_200_with_from_info_to_info" time="0.035" /></testsuite></testsuites>