<?xml version="1.0" encoding="utf-8"?><testsuites name="pytest tests"><testsuite name="pytest" errors="0" failures="0" skipped="0" tests="19" time="5.602" timestamp="2026-07-20T00:48:08.706639+00:00" hostname="agent-env-b5ce93e9-0f3b-44b1-818f-63edd1e4435e"><testcase classname="backend.tests.test_pyx_receipt_etapa4.TestReceiptGet" name="test_receipt_by_sender_returns_200_with_all_fields" time="0.477" /><testcase classname="backend.tests.test_pyx_receipt_etapa4.TestReceiptGet" name="test_receipt_by_recipient_returns_200" time="0.041" /><testcase classname="backend.tests.test_pyx_receipt_etapa4.TestReceiptGet" name="test_receipt_nonexistent_returns_404" time="0.031" /><testcase classname="backend.tests.test_pyx_receipt_etapa4.TestReceiptGet" name="test_receipt_by_stranger_returns_403" time="0.377" /><testcase classname="backend.tests.test_pyx_receipt_etapa4.TestReceiptGet" name="test_receipt_by_staff_admin_returns_200_bypass" time="0.037" /><testcase classname="backend.tests.test_pyx_receipt_etapa4.TestReceiptGet" name="test_receipt_without_member_id_returns_200" time="0.038" /><testcase classname="backend.tests.test_pyx_receipt_etapa4.TestDMReceipt" name="test_dm_send_receipt_persists" time="0.145" /><testcase classname="backend.tests.test_pyx_receipt_etapa4.TestDMReceipt" name="test_dm_send_receipt_missing_tx_id_returns_400" time="0.065" /><testcase classname="backend.tests.test_pyx_receipt_etapa4.TestDMReceipt" name="test_dm_send_receipt_invalid_tx_id_returns_404" time="0.065" /><testcase classname="backend.tests.test_pyx_receipt_etapa4.TestDMReceipt" name="test_dm_send_receipt_not_participant_returns_403" time="0.068" /><testcase classname="backend.tests.test_pyx_receipt_etapa4.TestDMReceipt" name="test_dm_send_text_regression" time="0.068" /><testcase classname="backend.tests.test_pyx_receipt_etapa4.TestTransferRegression" name="test_transfer_missing_password_returns_401" time="0.065" /><testcase classname="backend.tests.test_pyx_receipt_etapa4.TestTransferRegression" name="test_transfer_wrong_password_returns_401" time="0.509" /><testcase classname="backend.tests.test_pyx_transfer_member_password.TestPyxTransferCommonMember" name="test_S1_correct_password_returns_200_and_tx_id" time="0.809" /><testcase classname="backend.tests.test_pyx_transfer_member_password.TestPyxTransferCommonMember" name="test_S2_wrong_password_returns_401" time="0.285" /><testcase classname="backend.tests.test_pyx_transfer_member_password.TestPyxTransferCommonMember" name="test_S3_missing_password_returns_401" time="0.064" /><testcase classname="backend.tests.test_pyx_transfer_member_password.TestPyxTransferAdminFallback" name="test_S4_admin_master_password_returns_200" time="0.290" /><testcase classname="backend.tests.test_pyx_transfer_member_password.TestPyxTransferIntegrity" name="test_S5_balance_debited_and_tx_persisted" time="0.130" /><testcase classname="backend.tests.test_pyx_transfer_member_password.TestPyxTransferBothHashes" name="test_S6_matches_users_hash_when_members_hash_is_stale" time="1.862" /></testsuite></testsuites>