<?xml version="1.0" encoding="utf-8"?><testsuites name="pytest tests"><testsuite name="pytest" errors="0" failures="0" skipped="0" tests="33" time="7.452" timestamp="2026-07-20T03:23:18.960429+00:00" hostname="agent-env-b5ce93e9-0f3b-44b1-818f-63edd1e4435e"><testcase classname="backend.tests.test_pyx_rate.TestRateGet" name="test_public_get_returns_200_all_fields" time="0.424" /><testcase classname="backend.tests.test_pyx_rate.TestRateSetAuth" name="test_put_without_auth_returns_401" time="0.072" /><testcase classname="backend.tests.test_pyx_rate.TestRateSetAuth" name="test_put_as_support_returns_403" time="0.338" /><testcase classname="backend.tests.test_pyx_rate.TestRateSetValidation" name="test_put_centavos_zero_returns_400" time="0.075" /><testcase classname="backend.tests.test_pyx_rate.TestRateSetValidation" name="test_put_centavos_too_high_returns_400" time="0.070" /><testcase classname="backend.tests.test_pyx_rate.TestRateSetValidation" name="test_put_no_body_returns_400" time="0.074" /><testcase classname="backend.tests.test_pyx_rate.TestRateSetSuccess" name="test_put_centavos_updates_and_persists" time="0.141" /><testcase classname="backend.tests.test_pyx_rate.TestRateSetSuccess" name="test_put_pyx_per_usd_float_converts_to_centavos" time="0.071" /><testcase classname="backend.tests.test_pyx_rate.TestRateHistory" name="test_history_requires_auth_401" time="0.072" /><testcase classname="backend.tests.test_pyx_rate.TestRateHistory" name="test_history_as_support_returns_403" time="0.068" /><testcase classname="backend.tests.test_pyx_rate.TestRateHistory" name="test_history_admin_returns_entries" time="0.396" /><testcase classname="backend.tests.test_pyx_rate.TestPYXRegression" name="test_transfer_missing_password_still_401" time="0.069" /><testcase classname="backend.tests.test_pyx_rate.TestPYXRegression" name="test_receipt_nonexistent_404" time="0.070" /><testcase classname="backend.tests.test_pyx_rate.TestPYXRegression" name="test_transactions_list_ok" time="0.098" /><testcase classname="backend.tests.test_pyx_receipt_etapa4.TestReceiptGet" name="test_receipt_by_sender_returns_200_with_all_fields" time="0.470" /><testcase classname="backend.tests.test_pyx_receipt_etapa4.TestReceiptGet" name="test_receipt_by_recipient_returns_200" time="0.044" /><testcase classname="backend.tests.test_pyx_receipt_etapa4.TestReceiptGet" name="test_receipt_nonexistent_returns_404" time="0.066" /><testcase classname="backend.tests.test_pyx_receipt_etapa4.TestReceiptGet" name="test_receipt_by_stranger_returns_403" time="0.156" /><testcase classname="backend.tests.test_pyx_receipt_etapa4.TestReceiptGet" name="test_receipt_by_staff_admin_returns_200_bypass" time="0.052" /><testcase classname="backend.tests.test_pyx_receipt_etapa4.TestReceiptGet" name="test_receipt_without_member_id_returns_200" time="0.046" /><testcase classname="backend.tests.test_pyx_receipt_etapa4.TestDMReceipt" name="test_dm_send_receipt_persists" time="0.151" /><testcase classname="backend.tests.test_pyx_receipt_etapa4.TestDMReceipt" name="test_dm_send_receipt_missing_tx_id_returns_400" time="0.066" /><testcase classname="backend.tests.test_pyx_receipt_etapa4.TestDMReceipt" name="test_dm_send_receipt_invalid_tx_id_returns_404" time="0.071" /><testcase classname="backend.tests.test_pyx_receipt_etapa4.TestDMReceipt" name="test_dm_send_receipt_not_participant_returns_403" time="0.067" /><testcase classname="backend.tests.test_pyx_receipt_etapa4.TestDMReceipt" name="test_dm_send_text_regression" time="0.065" /><testcase classname="backend.tests.test_pyx_receipt_etapa4.TestTransferRegression" name="test_transfer_missing_password_returns_401" time="0.065" /><testcase classname="backend.tests.test_pyx_receipt_etapa4.TestTransferRegression" name="test_transfer_wrong_password_returns_401" time="0.509" /><testcase classname="backend.tests.test_pyx_transfer_member_password.TestPyxTransferCommonMember" name="test_S1_correct_password_returns_200_and_tx_id" time="0.820" /><testcase classname="backend.tests.test_pyx_transfer_member_password.TestPyxTransferCommonMember" name="test_S2_wrong_password_returns_401" time="0.268" /><testcase classname="backend.tests.test_pyx_transfer_member_password.TestPyxTransferCommonMember" name="test_S3_missing_password_returns_401" time="0.050" /><testcase classname="backend.tests.test_pyx_transfer_member_password.TestPyxTransferAdminFallback" name="test_S4_admin_master_password_returns_200" time="0.270" /><testcase classname="backend.tests.test_pyx_transfer_member_password.TestPyxTransferIntegrity" name="test_S5_balance_debited_and_tx_persisted" time="0.123" /><testcase classname="backend.tests.test_pyx_transfer_member_password.TestPyxTransferBothHashes" name="test_S6_matches_users_hash_when_members_hash_is_stale" time="1.886" /></testsuite></testsuites>