<?xml version="1.0" encoding="utf-8"?><testsuites name="pytest tests"><testsuite name="pytest" errors="0" failures="0" skipped="0" tests="13" time="2.273" timestamp="2026-07-16T07:44:05.297486+00:00" hostname="agent-env-b5ce93e9-0f3b-44b1-818f-63edd1e4435e"><testcase classname="backend.tests.test_pyx_receipt_etapa4.TestReceiptGet" name="test_receipt_by_sender_returns_200_with_all_fields" time="0.978" /><testcase classname="backend.tests.test_pyx_receipt_etapa4.TestReceiptGet" name="test_receipt_by_recipient_returns_200" time="0.049" /><testcase classname="backend.tests.test_pyx_receipt_etapa4.TestReceiptGet" name="test_receipt_nonexistent_returns_404" time="0.067" /><testcase classname="backend.tests.test_pyx_receipt_etapa4.TestReceiptGet" name="test_receipt_by_stranger_returns_403" time="0.175" /><testcase classname="backend.tests.test_pyx_receipt_etapa4.TestReceiptGet" name="test_receipt_by_staff_admin_returns_200_bypass" time="0.114" /><testcase classname="backend.tests.test_pyx_receipt_etapa4.TestReceiptGet" name="test_receipt_without_member_id_returns_200" time="0.048" /><testcase classname="backend.tests.test_pyx_receipt_etapa4.TestDMReceipt" name="test_dm_send_receipt_persists" time="0.117" /><testcase classname="backend.tests.test_pyx_receipt_etapa4.TestDMReceipt" name="test_dm_send_receipt_missing_tx_id_returns_400" time="0.069" /><testcase classname="backend.tests.test_pyx_receipt_etapa4.TestDMReceipt" name="test_dm_send_receipt_invalid_tx_id_returns_404" time="0.069" /><testcase classname="backend.tests.test_pyx_receipt_etapa4.TestDMReceipt" name="test_dm_send_receipt_not_participant_returns_403" time="0.079" /><testcase classname="backend.tests.test_pyx_receipt_etapa4.TestDMReceipt" name="test_dm_send_text_regression" time="0.081" /><testcase classname="backend.tests.test_pyx_receipt_etapa4.TestTransferRegression" name="test_transfer_missing_password_returns_401" time="0.069" /><testcase classname="backend.tests.test_pyx_receipt_etapa4.TestTransferRegression" name="test_transfer_wrong_password_returns_401" time="0.292" /></testsuite></testsuites>