<?xml version="1.0" encoding="utf-8"?><testsuites name="pytest tests"><testsuite name="pytest" errors="0" failures="0" skipped="0" tests="6" time="4.286" timestamp="2026-07-17T05:48:41.935670+00:00" hostname="agent-env-b5ce93e9-0f3b-44b1-818f-63edd1e4435e"><testcase classname="tests.test_pyx_transfer_member_password.TestPyxTransferCommonMember" name="test_S1_correct_password_returns_200_and_tx_id" time="1.533" /><testcase classname="tests.test_pyx_transfer_member_password.TestPyxTransferCommonMember" name="test_S2_wrong_password_returns_401" time="0.301" /><testcase classname="tests.test_pyx_transfer_member_password.TestPyxTransferCommonMember" name="test_S3_missing_password_returns_401" time="0.074" /><testcase classname="tests.test_pyx_transfer_member_password.TestPyxTransferAdminFallback" name="test_S4_admin_master_password_returns_200" time="0.305" /><testcase classname="tests.test_pyx_transfer_member_password.TestPyxTransferIntegrity" name="test_S5_balance_debited_and_tx_persisted" time="0.092" /><testcase classname="tests.test_pyx_transfer_member_password.TestPyxTransferBothHashes" name="test_S6_matches_users_hash_when_members_hash_is_stale" time="1.850" /></testsuite></testsuites>