<?xml version="1.0" encoding="utf-8"?><testsuites name="pytest tests"><testsuite name="pytest" errors="0" failures="1" skipped="0" tests="13" time="2.120" timestamp="2026-07-16T07:36:37.561146+00:00" hostname="agent-env-b5ce93e9-0f3b-44b1-818f-63edd1e4435e"><testcase classname="backend.tests.test_pyx_receipt_etapa4.TestReceiptGet" name="test_receipt_by_sender_returns_200_with_all_fields" time="0.585" /><testcase classname="backend.tests.test_pyx_receipt_etapa4.TestReceiptGet" name="test_receipt_by_recipient_returns_200" time="0.092" /><testcase classname="backend.tests.test_pyx_receipt_etapa4.TestReceiptGet" name="test_receipt_nonexistent_returns_404" time="0.056" /><testcase classname="backend.tests.test_pyx_receipt_etapa4.TestReceiptGet" name="test_receipt_by_stranger_returns_403" time="0.219" /><testcase classname="backend.tests.test_pyx_receipt_etapa4.TestReceiptGet" name="test_receipt_by_staff_admin_returns_200_bypass" time="0.110"><failure message="AssertionError: Staff bypass falhou: 403 {&quot;detail&quot;:&quot;Você não faz parte desta transação&quot;}&#10;assert 403 == 200&#10; +  where 403 = &lt;Response [403]&gt;.status_code">backend/tests/test_pyx_receipt_etapa4.py:181: in test_receipt_by_staff_admin_returns_200_bypass
    assert r.status_code == 200, f"Staff bypass falhou: {r.status_code} {r.text}"
E   AssertionError: Staff bypass falhou: 403 {"detail":"Você não faz parte desta transação"}
E   assert 403 == 200
E    +  where 403 = &lt;Response [403]&gt;.status_code</failure></testcase><testcase classname="backend.tests.test_pyx_receipt_etapa4.TestReceiptGet" name="test_receipt_without_member_id_returns_200" time="0.059" /><testcase classname="backend.tests.test_pyx_receipt_etapa4.TestDMReceipt" name="test_dm_send_receipt_persists" time="0.259" /><testcase classname="backend.tests.test_pyx_receipt_etapa4.TestDMReceipt" name="test_dm_send_receipt_missing_tx_id_returns_400" time="0.041" /><testcase classname="backend.tests.test_pyx_receipt_etapa4.TestDMReceipt" name="test_dm_send_receipt_invalid_tx_id_returns_404" time="0.082" /><testcase classname="backend.tests.test_pyx_receipt_etapa4.TestDMReceipt" name="test_dm_send_receipt_not_participant_returns_403" time="0.081" /><testcase classname="backend.tests.test_pyx_receipt_etapa4.TestDMReceipt" name="test_dm_send_text_regression" time="0.082" /><testcase classname="backend.tests.test_pyx_receipt_etapa4.TestTransferRegression" name="test_transfer_missing_password_returns_401" time="0.039" /><testcase classname="backend.tests.test_pyx_receipt_etapa4.TestTransferRegression" name="test_transfer_wrong_password_returns_401" time="0.306" /></testsuite></testsuites>