<?xml version="1.0" encoding="utf-8"?><testsuites name="pytest tests"><testsuite name="pytest" errors="0" failures="0" skipped="0" tests="6" time="1.860" timestamp="2026-07-16T07:01:13.137432+00:00" hostname="agent-env-b5ce93e9-0f3b-44b1-818f-63edd1e4435e"><testcase classname="backend.tests.test_pyx_transfer_password.TestPyxTransferPasswordValidation" name="test_missing_password_returns_401" time="0.539" /><testcase classname="backend.tests.test_pyx_transfer_password.TestPyxTransferPasswordValidation" name="test_wrong_password_returns_401" time="0.268" /><testcase classname="backend.tests.test_pyx_transfer_password.TestPyxTransferPasswordValidation" name="test_correct_password_but_invalid_recipient_returns_404" time="0.304" /><testcase classname="backend.tests.test_pyx_transfer_password.TestPyxTransferPasswordValidation" name="test_full_valid_transfer_returns_200" time="0.550" /><testcase classname="backend.tests.test_pyx_transfer_password.TestPyxTransferRegression" name="test_pyx_lookup_admin" time="0.051" /><testcase classname="backend.tests.test_pyx_transfer_password.TestPyxTransferRegression" name="test_pyx_wallet_admin" time="0.081" /></testsuite></testsuites>