<?xml version="1.0" encoding="utf-8"?><testsuites name="pytest tests"><testsuite name="pytest" errors="0" failures="0" skipped="0" tests="11" time="7.321" timestamp="2026-07-22T01:09:30.699012+00:00" hostname="agent-env-b5ce93e9-0f3b-44b1-818f-63edd1e4435e"><testcase classname="backend.tests.test_pyx_ledger_fixes.TestWithdrawFix" name="test_withdraw_valid_debits_exactly_balance_centavos" time="1.439" /><testcase classname="backend.tests.test_pyx_ledger_fixes.TestWithdrawFix" name="test_withdraw_insufficient_returns_400_no_balance_change" time="0.303" /><testcase classname="backend.tests.test_pyx_ledger_fixes.TestWithdrawFix" name="test_withdraw_invalid_amount_returns_400" time="0.307" /><testcase classname="backend.tests.test_pyx_ledger_fixes.TestTransferFix" name="test_transfer_roundtrip_normal" time="0.518" /><testcase classname="backend.tests.test_pyx_ledger_fixes.TestTransferFix" name="test_transfer_concurrency_exactly_one_succeeds" time="0.771" /><testcase classname="backend.tests.test_pyx_ledger_fixes.TestPixOrderApproveFix" name="test_double_approve_no_double_credit" time="0.389" /><testcase classname="backend.tests.test_pyx_ledger_fixes.TestStaffPasswordChangeFix" name="test_change_master_password_blocked" time="0.432" /><testcase classname="backend.tests.test_pyx_ledger_fixes.TestStaffPasswordChangeFix" name="test_change_support_password_works" time="1.113" /><testcase classname="backend.tests.test_pyx_ledger_fixes.TestRegressions" name="test_staff_login_master" time="0.329" /><testcase classname="backend.tests.test_pyx_ledger_fixes.TestRegressions" name="test_members_login_master" time="0.402" /><testcase classname="backend.tests.test_pyx_ledger_fixes.TestRegressions" name="test_ads_enrichment" time="1.171" /></testsuite></testsuites>